00:16:30 **** Incremental Build of configuration Nios II for project usb_bsp ****
make all 
[BSP build complete]
00:16:35 **** Incremental Build of configuration Nios II for project usb ****
make all 
Info: Building ../usb_bsp/
D:/intelFPGA_lite/18.1/nios2eds/bin/gnu/H-x86_64-mingw32/bin/make --no-print-directory -C ../usb_bsp/
[BSP build complete]
Info: Linking usb.elf
nios2-elf-g++  -T'../usb_bsp//linker.x' -msys-crt0='../usb_bsp//obj/HAL/src/crt0.o' -msys-lib=hal_bsp -L../usb_bsp/   -Wl,-Map=usb.map   -O0 -g -Wall   -mno-hw-div -mno-hw-mul -mno-hw-mulx -mgpopt=global  -o usb.elf obj/default/game_logic.o obj/default/io_handler.o obj/default/kirby.o obj/default/main.o obj/default/test.o obj/default/usb.o obj/default/usb_main.o -lm -msys-lib=m
../usb_bsp/\libhal_bsp.a(alt_instruction_exception_entry.o): In function `alt_instruction_exception_entry':
D:\ECE385\FinalProject\ECE385_Final_Project_Kriby\Final\software\usb_bsp/HAL/src/alt_instruction_exception_entry.c:95: warning: Unable to reach (null) (at 0x104abb30) from the global pointer (at 0x10268370) because the offset (2373568) is out of the allowed range, -32678 to 32767.

collect2.exe: error: ld returned 1 exit status
make: *** [usb.elf] Error 1
00:16:37 **** Incremental Build of configuration Nios II for project usb_bsp ****
make all 
[BSP build complete]
15:06:24 **** Incremental Build of configuration Nios II for project usb ****
make all 
Info: Building ../usb_bsp/
D:/intelFPGA_lite/18.1/nios2eds/bin/gnu/H-x86_64-mingw32/bin/make --no-print-directory -C ../usb_bsp/
[BSP build complete]
Info: Compiling kirby.c to obj/default/kirby.o
nios2-elf-gcc -xc -MP -MMD -c -I../usb_bsp//HAL/inc -I../usb_bsp/ -I../usb_bsp//drivers/inc  -pipe -D__hal__ -DALT_NO_INSTRUCTION_EMULATION -DALT_SINGLE_THREADED    -O0 -g -Wall   -mno-hw-div -mno-hw-mul -mno-hw-mulx -mgpopt=global  -o obj/default/kirby.o kirby.c
kirby.c: In function 'upload_Kirby_Info':
kirby.c:27:9: warning: unused variable 'Kirby_Pos_Y' [-Wunused-variable]
     int Kirby_Pos_Y = kirby->y;
         ^
kirby.c:26:9: warning: unused variable 'Kirby_Pos_X' [-Wunused-variable]
     int Kirby_Pos_X = kirby->x;
         ^
kirby.c: In function 'updateKirby':
kirby.c:86:9: warning: unused variable 'prekey1' [-Wunused-variable]
     int prekey1 = (pre_keycode >> 8) & 0xff;
         ^
kirby.c:85:9: warning: unused variable 'prekey0' [-Wunused-variable]
     int prekey0 = pre_keycode & 0xff;
         ^
kirby.c:84:9: warning: unused variable 'key1' [-Wunused-variable]
     int key1 = (keycode >> 8) & 0xff;
         ^
kirby.c:83:9: warning: unused variable 'key0' [-Wunused-variable]
     int key0 = keycode & 0xff;
         ^
kirby.c: In function 'force_It_On_Ground':
kirby.c:314:9: warning: unused variable 'kirby_ceil_Y' [-Wunused-variable]
     int kirby_ceil_Y = get_Kirby_Ceil_Pos(kirby) & 0x0000ffff;
         ^
kirby.c:313:9: warning: unused variable 'kirby_ceil_X' [-Wunused-variable]
     int kirby_ceil_X = (get_Kirby_Ceil_Pos(kirby) >> 16) & 0x0000ffff;
         ^
Info: Linking usb.elf
nios2-elf-g++  -T'../usb_bsp//linker.x' -msys-crt0='../usb_bsp//obj/HAL/src/crt0.o' -msys-lib=hal_bsp -L../usb_bsp/   -Wl,-Map=usb.map   -O0 -g -Wall   -mno-hw-div -mno-hw-mul -mno-hw-mulx -mgpopt=global  -o usb.elf obj/default/game_logic.o obj/default/io_handler.o obj/default/kirby.o obj/default/main.o obj/default/test.o obj/default/usb.o obj/default/usb_main.o -lm -msys-lib=m
../usb_bsp/\libhal_bsp.a(alt_instruction_exception_entry.o): In function `alt_instruction_exception_entry':
D:\ECE385\FinalProject\ECE385_Final_Project_Kriby\Final\software\usb_bsp/HAL/src/alt_instruction_exception_entry.c:95: warning: Unable to reach (null) (at 0x104abb30) from the global pointer (at 0x10268370) because the offset (2373568) is out of the allowed range, -32678 to 32767.

collect2.exe: error: ld returned 1 exit status
make: *** [usb.elf] Error 1
15:06:32 **** Incremental Build of configuration Nios II for project usb_bsp ****
make all 
[BSP build complete]
15:16:05 **** Incremental Build of configuration Nios II for project usb ****
make all 
Info: Building ../usb_bsp/
D:/intelFPGA_lite/18.1/nios2eds/bin/gnu/H-x86_64-mingw32/bin/make --no-print-directory -C ../usb_bsp/
[BSP build complete]
Info: Compiling kirby.c to obj/default/kirby.o
nios2-elf-gcc -xc -MP -MMD -c -I../usb_bsp//HAL/inc -I../usb_bsp/ -I../usb_bsp//drivers/inc  -pipe -D__hal__ -DALT_NO_INSTRUCTION_EMULATION -DALT_SINGLE_THREADED    -O0 -g -Wall   -mno-hw-div -mno-hw-mul -mno-hw-mulx -mgpopt=global  -o obj/default/kirby.o kirby.c
kirby.c: In function 'upload_Kirby_Info':
kirby.c:27:9: warning: unused variable 'Kirby_Pos_Y' [-Wunused-variable]
     int Kirby_Pos_Y = kirby->y;
         ^
kirby.c:26:9: warning: unused variable 'Kirby_Pos_X' [-Wunused-variable]
     int Kirby_Pos_X = kirby->x;
         ^
kirby.c: In function 'updateKirby':
kirby.c:86:9: warning: unused variable 'prekey1' [-Wunused-variable]
     int prekey1 = (pre_keycode >> 8) & 0xff;
         ^
kirby.c:85:9: warning: unused variable 'prekey0' [-Wunused-variable]
     int prekey0 = pre_keycode & 0xff;
         ^
kirby.c:84:9: warning: unused variable 'key1' [-Wunused-variable]
     int key1 = (keycode >> 8) & 0xff;
         ^
kirby.c:83:9: warning: unused variable 'key0' [-Wunused-variable]
     int key0 = keycode & 0xff;
         ^
Info: Linking usb.elf
nios2-elf-g++  -T'../usb_bsp//linker.x' -msys-crt0='../usb_bsp//obj/HAL/src/crt0.o' -msys-lib=hal_bsp -L../usb_bsp/   -Wl,-Map=usb.map   -O0 -g -Wall   -mno-hw-div -mno-hw-mul -mno-hw-mulx -mgpopt=global  -o usb.elf obj/default/game_logic.o obj/default/io_handler.o obj/default/kirby.o obj/default/main.o obj/default/test.o obj/default/usb.o obj/default/usb_main.o -lm -msys-lib=m
../usb_bsp/\libhal_bsp.a(alt_instruction_exception_entry.o): In function `alt_instruction_exception_entry':
D:\ECE385\FinalProject\ECE385_Final_Project_Kriby\Final\software\usb_bsp/HAL/src/alt_instruction_exception_entry.c:95: warning: Unable to reach (null) (at 0x104abb10) from the global pointer (at 0x10268350) because the offset (2373568) is out of the allowed range, -32678 to 32767.

collect2.exe: error: ld returned 1 exit status
make: *** [usb.elf] Error 1
15:16:12 **** Incremental Build of configuration Nios II for project usb_bsp ****
make all 
[BSP build complete]
15:17:02 **** Incremental Build of configuration Nios II for project usb ****
make all 
Info: Building ../usb_bsp/
D:/intelFPGA_lite/18.1/nios2eds/bin/gnu/H-x86_64-mingw32/bin/make --no-print-directory -C ../usb_bsp/
[BSP build complete]
Info: Compiling kirby.c to obj/default/kirby.o
nios2-elf-gcc -xc -MP -MMD -c -I../usb_bsp//HAL/inc -I../usb_bsp/ -I../usb_bsp//drivers/inc  -pipe -D__hal__ -DALT_NO_INSTRUCTION_EMULATION -DALT_SINGLE_THREADED    -O0 -g -Wall   -mno-hw-div -mno-hw-mul -mno-hw-mulx -mgpopt=global  -o obj/default/kirby.o kirby.c
kirby.c: In function 'upload_Kirby_Info':
kirby.c:27:9: warning: unused variable 'Kirby_Pos_Y' [-Wunused-variable]
     int Kirby_Pos_Y = kirby->y;
         ^
kirby.c:26:9: warning: unused variable 'Kirby_Pos_X' [-Wunused-variable]
     int Kirby_Pos_X = kirby->x;
         ^
Info: Linking usb.elf
nios2-elf-g++  -T'../usb_bsp//linker.x' -msys-crt0='../usb_bsp//obj/HAL/src/crt0.o' -msys-lib=hal_bsp -L../usb_bsp/   -Wl,-Map=usb.map   -O0 -g -Wall   -mno-hw-div -mno-hw-mul -mno-hw-mulx -mgpopt=global  -o usb.elf obj/default/game_logic.o obj/default/io_handler.o obj/default/kirby.o obj/default/main.o obj/default/test.o obj/default/usb.o obj/default/usb_main.o -lm -msys-lib=m
../usb_bsp/\libhal_bsp.a(alt_instruction_exception_entry.o): In function `alt_instruction_exception_entry':
D:\ECE385\FinalProject\ECE385_Final_Project_Kriby\Final\software\usb_bsp/HAL/src/alt_instruction_exception_entry.c:95: warning: Unable to reach (null) (at 0x104abad8) from the global pointer (at 0x10268318) because the offset (2373568) is out of the allowed range, -32678 to 32767.

collect2.exe: error: ld returned 1 exit status
make: *** [usb.elf] Error 1
15:17:09 **** Incremental Build of configuration Nios II for project usb_bsp ****
make all 
[BSP build complete]
15:17:50 **** Incremental Build of configuration Nios II for project usb ****
make all 
Info: Building ../usb_bsp/
D:/intelFPGA_lite/18.1/nios2eds/bin/gnu/H-x86_64-mingw32/bin/make --no-print-directory -C ../usb_bsp/
[BSP build complete]
Info: Compiling kirby.c to obj/default/kirby.o
nios2-elf-gcc -xc -MP -MMD -c -I../usb_bsp//HAL/inc -I../usb_bsp/ -I../usb_bsp//drivers/inc  -pipe -D__hal__ -DALT_NO_INSTRUCTION_EMULATION -DALT_SINGLE_THREADED    -O0 -g -Wall   -mno-hw-div -mno-hw-mul -mno-hw-mulx -mgpopt=global  -o obj/default/kirby.o kirby.c
Info: Linking usb.elf
nios2-elf-g++  -T'../usb_bsp//linker.x' -msys-crt0='../usb_bsp//obj/HAL/src/crt0.o' -msys-lib=hal_bsp -L../usb_bsp/   -Wl,-Map=usb.map   -O0 -g -Wall   -mno-hw-div -mno-hw-mul -mno-hw-mulx -mgpopt=global  -o usb.elf obj/default/game_logic.o obj/default/io_handler.o obj/default/kirby.o obj/default/main.o obj/default/test.o obj/default/usb.o obj/default/usb_main.o -lm -msys-lib=m
../usb_bsp/\libhal_bsp.a(alt_instruction_exception_entry.o): In function `alt_instruction_exception_entry':
D:\ECE385\FinalProject\ECE385_Final_Project_Kriby\Final\software\usb_bsp/HAL/src/alt_instruction_exception_entry.c:95: warning: Unable to reach (null) (at 0x104abac0) from the global pointer (at 0x10268300) because the offset (2373568) is out of the allowed range, -32678 to 32767.

collect2.exe: error: ld returned 1 exit status
make: *** [usb.elf] Error 1
15:17:56 **** Incremental Build of configuration Nios II for project usb_bsp ****
make all 
[BSP build complete]
15:48:54 **** Incremental Build of configuration Nios II for project usb ****
make all 
Info: Building ../usb_bsp/
D:/intelFPGA_lite/18.1/nios2eds/bin/gnu/H-x86_64-mingw32/bin/make --no-print-directory -C ../usb_bsp/
[BSP build complete]
Info: Compiling kirby.c to obj/default/kirby.o
nios2-elf-gcc -xc -MP -MMD -c -I../usb_bsp//HAL/inc -I../usb_bsp/ -I../usb_bsp//drivers/inc  -pipe -D__hal__ -DALT_NO_INSTRUCTION_EMULATION -DALT_SINGLE_THREADED    -O0 -g -Wall   -mno-hw-div -mno-hw-mul -mno-hw-mulx -mgpopt=global  -o obj/default/kirby.o kirby.c
Info: Compiling usb_main.c to obj/default/usb_main.o
nios2-elf-gcc -xc -MP -MMD -c -I../usb_bsp//HAL/inc -I../usb_bsp/ -I../usb_bsp//drivers/inc  -pipe -D__hal__ -DALT_NO_INSTRUCTION_EMULATION -DALT_SINGLE_THREADED    -O0 -g -Wall   -mno-hw-div -mno-hw-mul -mno-hw-mulx -mgpopt=global  -o obj/default/usb_main.o usb_main.c
Info: Linking usb.elf
nios2-elf-g++  -T'../usb_bsp//linker.x' -msys-crt0='../usb_bsp//obj/HAL/src/crt0.o' -msys-lib=hal_bsp -L../usb_bsp/   -Wl,-Map=usb.map   -O0 -g -Wall   -mno-hw-div -mno-hw-mul -mno-hw-mulx -mgpopt=global  -o usb.elf obj/default/game_logic.o obj/default/io_handler.o obj/default/kirby.o obj/default/main.o obj/default/test.o obj/default/usb.o obj/default/usb_main.o -lm -msys-lib=m
../usb_bsp/\libhal_bsp.a(alt_instruction_exception_entry.o): In function `alt_instruction_exception_entry':
D:\ECE385\FinalProject\ECE385_Final_Project_Kriby\Final\software\usb_bsp/HAL/src/alt_instruction_exception_entry.c:95: warning: Unable to reach (null) (at 0x103090f4) from the global pointer (at 0x10196bf4) because the offset (1516800) is out of the allowed range, -32678 to 32767.

collect2.exe: error: ld returned 1 exit status
make: *** [usb.elf] Error 1
15:48:59 **** Incremental Build of configuration Nios II for project usb_bsp ****
make all 
[BSP build complete]
15:52:34 **** Incremental Build of configuration Nios II for project usb ****
make all 
Info: Building ../usb_bsp/
D:/intelFPGA_lite/18.1/nios2eds/bin/gnu/H-x86_64-mingw32/bin/make --no-print-directory -C ../usb_bsp/
[BSP build complete]
Info: Compiling kirby.c to obj/default/kirby.o
nios2-elf-gcc -xc -MP -MMD -c -I../usb_bsp//HAL/inc -I../usb_bsp/ -I../usb_bsp//drivers/inc  -pipe -D__hal__ -DALT_NO_INSTRUCTION_EMULATION -DALT_SINGLE_THREADED    -O0 -g -Wall   -mno-hw-div -mno-hw-mul -mno-hw-mulx -mgpopt=global  -o obj/default/kirby.o kirby.c
Info: Linking usb.elf
nios2-elf-g++  -T'../usb_bsp//linker.x' -msys-crt0='../usb_bsp//obj/HAL/src/crt0.o' -msys-lib=hal_bsp -L../usb_bsp/   -Wl,-Map=usb.map   -O0 -g -Wall   -mno-hw-div -mno-hw-mul -mno-hw-mulx -mgpopt=global  -o usb.elf obj/default/game_logic.o obj/default/io_handler.o obj/default/kirby.o obj/default/main.o obj/default/test.o obj/default/usb.o obj/default/usb_main.o -lm -msys-lib=m
../usb_bsp/\libhal_bsp.a(alt_instruction_exception_entry.o): In function `alt_instruction_exception_entry':
D:\ECE385\FinalProject\ECE385_Final_Project_Kriby\Final\software\usb_bsp/HAL/src/alt_instruction_exception_entry.c:95: warning: Unable to reach (null) (at 0x101b94a0) from the global pointer (at 0x100eeba0) because the offset (829696) is out of the allowed range, -32678 to 32767.

collect2.exe: error: ld returned 1 exit status
make: *** [usb.elf] Error 1
15:52:38 **** Incremental Build of configuration Nios II for project usb_bsp ****
make all 
[BSP build complete]
15:56:01 **** Incremental Build of configuration Nios II for project usb ****
make all 
Info: Building ../usb_bsp/
D:/intelFPGA_lite/18.1/nios2eds/bin/gnu/H-x86_64-mingw32/bin/make --no-print-directory -C ../usb_bsp/
[BSP build complete]
Info: Compiling kirby.c to obj/default/kirby.o
nios2-elf-gcc -xc -MP -MMD -c -I../usb_bsp//HAL/inc -I../usb_bsp/ -I../usb_bsp//drivers/inc  -pipe -D__hal__ -DALT_NO_INSTRUCTION_EMULATION -DALT_SINGLE_THREADED    -O0 -g -Wall   -mno-hw-div -mno-hw-mul -mno-hw-mulx -mgpopt=global  -o obj/default/kirby.o kirby.c
kirby.c: In function 'will_Touch_Ground':
kirby.c:341:1: warning: control reaches end of non-void function [-Wreturn-type]
 }
 ^
Info: Linking usb.elf
nios2-elf-g++  -T'../usb_bsp//linker.x' -msys-crt0='../usb_bsp//obj/HAL/src/crt0.o' -msys-lib=hal_bsp -L../usb_bsp/   -Wl,-Map=usb.map   -O0 -g -Wall   -mno-hw-div -mno-hw-mul -mno-hw-mulx -mgpopt=global  -o usb.elf obj/default/game_logic.o obj/default/io_handler.o obj/default/kirby.o obj/default/main.o obj/default/test.o obj/default/usb.o obj/default/usb_main.o -lm -msys-lib=m
nios2-elf-insert usb.elf --thread_model hal --cpu_name nios2_gen2_0 --qsys true --simulation_enabled false --id 0 --sidp 0x108 --timestamp 1599198560 --stderr_dev jtag_uart_0 --stdin_dev jtag_uart_0 --stdout_dev jtag_uart_0 --sopc_system_name final_nios_system --quartus_project_dir "D:/ECE385/FinalProject/ECE385_Final_Project_Kriby/Final" --jdi D:/ECE385/FinalProject/ECE385_Final_Project_Kriby/Final/software/usb_bsp/../../FinalProject.jdi --sopcinfo D:/ECE385/FinalProject/ECE385_Final_Project_Kriby/Final/software/usb_bsp/../../final_nios_system.sopcinfo
Info: (usb.elf) 85 KBytes program size (code + initialized data).
Info:           130979 KBytes free for stack + heap.
Info: Creating usb.objdump
nios2-elf-objdump --disassemble --syms --all-header --source usb.elf >usb.objdump
[usb build complete]
15:56:05 **** Incremental Build of configuration Nios II for project usb_bsp ****
make all 
[BSP build complete]
15:58:32 **** Incremental Build of configuration Nios II for project usb ****
make all 
Info: Building ../usb_bsp/
D:/intelFPGA_lite/18.1/nios2eds/bin/gnu/H-x86_64-mingw32/bin/make --no-print-directory -C ../usb_bsp/
[BSP build complete]
Info: Compiling kirby.c to obj/default/kirby.o
nios2-elf-gcc -xc -MP -MMD -c -I../usb_bsp//HAL/inc -I../usb_bsp/ -I../usb_bsp//drivers/inc  -pipe -D__hal__ -DALT_NO_INSTRUCTION_EMULATION -DALT_SINGLE_THREADED    -O0 -g -Wall   -mno-hw-div -mno-hw-mul -mno-hw-mulx -mgpopt=global  -o obj/default/kirby.o kirby.c
kirby.c: In function 'will_Touch_Ground':
kirby.c:342:1: warning: control reaches end of non-void function [-Wreturn-type]
 }
 ^
Info: Linking usb.elf
nios2-elf-g++  -T'../usb_bsp//linker.x' -msys-crt0='../usb_bsp//obj/HAL/src/crt0.o' -msys-lib=hal_bsp -L../usb_bsp/   -Wl,-Map=usb.map   -O0 -g -Wall   -mno-hw-div -mno-hw-mul -mno-hw-mulx -mgpopt=global  -o usb.elf obj/default/game_logic.o obj/default/io_handler.o obj/default/kirby.o obj/default/main.o obj/default/test.o obj/default/usb.o obj/default/usb_main.o -lm -msys-lib=m
../usb_bsp/\libhal_bsp.a(alt_instruction_exception_entry.o): In function `alt_instruction_exception_entry':
D:\ECE385\FinalProject\ECE385_Final_Project_Kriby\Final\software\usb_bsp/HAL/src/alt_instruction_exception_entry.c:95: warning: Unable to reach (null) (at 0x104aa8e8) from the global pointer (at 0x10267128) because the offset (2373568) is out of the allowed range, -32678 to 32767.

collect2.exe: error: ld returned 1 exit status
make: *** [usb.elf] Error 1
15:58:35 **** Incremental Build of configuration Nios II for project usb_bsp ****
make all 
[BSP build complete]
16:00:14 **** Incremental Build of configuration Nios II for project usb ****
make all 
Info: Building ../usb_bsp/
D:/intelFPGA_lite/18.1/nios2eds/bin/gnu/H-x86_64-mingw32/bin/make --no-print-directory -C ../usb_bsp/
[BSP build complete]
Info: Compiling kirby.c to obj/default/kirby.o
nios2-elf-gcc -xc -MP -MMD -c -I../usb_bsp//HAL/inc -I../usb_bsp/ -I../usb_bsp//drivers/inc  -pipe -D__hal__ -DALT_NO_INSTRUCTION_EMULATION -DALT_SINGLE_THREADED    -O0 -g -Wall   -mno-hw-div -mno-hw-mul -mno-hw-mulx -mgpopt=global  -o obj/default/kirby.o kirby.c
kirby.c: In function 'will_Touch_Ground':
kirby.c:342:1: warning: control reaches end of non-void function [-Wreturn-type]
 }
 ^
Info: Linking usb.elf
nios2-elf-g++  -T'../usb_bsp//linker.x' -msys-crt0='../usb_bsp//obj/HAL/src/crt0.o' -msys-lib=hal_bsp -L../usb_bsp/   -Wl,-Map=usb.map   -O0 -g -Wall   -mno-hw-div -mno-hw-mul -mno-hw-mulx -mgpopt=global  -o usb.elf obj/default/game_logic.o obj/default/io_handler.o obj/default/kirby.o obj/default/main.o obj/default/test.o obj/default/usb.o obj/default/usb_main.o -lm -msys-lib=m
../usb_bsp/\libhal_bsp.a(alt_instruction_exception_entry.o): In function `alt_instruction_exception_entry':
D:\ECE385\FinalProject\ECE385_Final_Project_Kriby\Final\software\usb_bsp/HAL/src/alt_instruction_exception_entry.c:95: warning: Unable to reach (null) (at 0x1013bee8) from the global pointer (at 0x100afc28) because the offset (574144) is out of the allowed range, -32678 to 32767.

collect2.exe: error: ld returned 1 exit status
make: *** [usb.elf] Error 1
16:00:17 **** Incremental Build of configuration Nios II for project usb_bsp ****
make all 
[BSP build complete]
16:01:24 **** Incremental Build of configuration Nios II for project usb ****
make all 
Info: Building ../usb_bsp/
D:/intelFPGA_lite/18.1/nios2eds/bin/gnu/H-x86_64-mingw32/bin/make --no-print-directory -C ../usb_bsp/
[BSP build complete]
Info: Compiling kirby.c to obj/default/kirby.o
nios2-elf-gcc -xc -MP -MMD -c -I../usb_bsp//HAL/inc -I../usb_bsp/ -I../usb_bsp//drivers/inc  -pipe -D__hal__ -DALT_NO_INSTRUCTION_EMULATION -DALT_SINGLE_THREADED    -O0 -g -Wall   -mno-hw-div -mno-hw-mul -mno-hw-mulx -mgpopt=global  -o obj/default/kirby.o kirby.c
kirby.c: In function 'will_Touch_Ground':
kirby.c:342:1: warning: control reaches end of non-void function [-Wreturn-type]
 }
 ^
Info: Linking usb.elf
nios2-elf-g++  -T'../usb_bsp//linker.x' -msys-crt0='../usb_bsp//obj/HAL/src/crt0.o' -msys-lib=hal_bsp -L../usb_bsp/   -Wl,-Map=usb.map   -O0 -g -Wall   -mno-hw-div -mno-hw-mul -mno-hw-mulx -mgpopt=global  -o usb.elf obj/default/game_logic.o obj/default/io_handler.o obj/default/kirby.o obj/default/main.o obj/default/test.o obj/default/usb.o obj/default/usb_main.o -lm -msys-lib=m
../usb_bsp/\libhal_bsp.a(alt_instruction_exception_entry.o): In function `alt_instruction_exception_entry':
D:\ECE385\FinalProject\ECE385_Final_Project_Kriby\Final\software\usb_bsp/HAL/src/alt_instruction_exception_entry.c:95: warning: Unable to reach (null) (at 0x1013bee8) from the global pointer (at 0x100afc28) because the offset (574144) is out of the allowed range, -32678 to 32767.

collect2.exe: error: ld returned 1 exit status
make: *** [usb.elf] Error 1
16:01:27 **** Incremental Build of configuration Nios II for project usb_bsp ****
make all 
[BSP build complete]
16:02:37 **** Incremental Build of configuration Nios II for project usb ****
make all 
Info: Building ../usb_bsp/
D:/intelFPGA_lite/18.1/nios2eds/bin/gnu/H-x86_64-mingw32/bin/make --no-print-directory -C ../usb_bsp/
[BSP build complete]
Info: Compiling kirby.c to obj/default/kirby.o
nios2-elf-gcc -xc -MP -MMD -c -I../usb_bsp//HAL/inc -I../usb_bsp/ -I../usb_bsp//drivers/inc  -pipe -D__hal__ -DALT_NO_INSTRUCTION_EMULATION -DALT_SINGLE_THREADED    -O0 -g -Wall   -mno-hw-div -mno-hw-mul -mno-hw-mulx -mgpopt=global  -o obj/default/kirby.o kirby.c
kirby.c: In function 'will_Touch_Ground':
kirby.c:342:1: warning: control reaches end of non-void function [-Wreturn-type]
 }
 ^
Info: Linking usb.elf
nios2-elf-g++  -T'../usb_bsp//linker.x' -msys-crt0='../usb_bsp//obj/HAL/src/crt0.o' -msys-lib=hal_bsp -L../usb_bsp/   -Wl,-Map=usb.map   -O0 -g -Wall   -mno-hw-div -mno-hw-mul -mno-hw-mulx -mgpopt=global  -o usb.elf obj/default/game_logic.o obj/default/io_handler.o obj/default/kirby.o obj/default/main.o obj/default/test.o obj/default/usb.o obj/default/usb_main.o -lm -msys-lib=m
../usb_bsp/\libhal_bsp.a(alt_instruction_exception_entry.o): In function `alt_instruction_exception_entry':
D:\ECE385\FinalProject\ECE385_Final_Project_Kriby\Final\software\usb_bsp/HAL/src/alt_instruction_exception_entry.c:95: warning: Unable to reach (null) (at 0x1007f788) from the global pointer (at 0x10051878) because the offset (188176) is out of the allowed range, -32678 to 32767.

collect2.exe: error: ld returned 1 exit status
make: *** [usb.elf] Error 1
16:02:40 **** Incremental Build of configuration Nios II for project usb_bsp ****
make all 
[BSP build complete]
16:03:20 **** Incremental Build of configuration Nios II for project usb ****
make all 
Info: Building ../usb_bsp/
D:/intelFPGA_lite/18.1/nios2eds/bin/gnu/H-x86_64-mingw32/bin/make --no-print-directory -C ../usb_bsp/
[BSP build complete]
Info: Compiling kirby.c to obj/default/kirby.o
nios2-elf-gcc -xc -MP -MMD -c -I../usb_bsp//HAL/inc -I../usb_bsp/ -I../usb_bsp//drivers/inc  -pipe -D__hal__ -DALT_NO_INSTRUCTION_EMULATION -DALT_SINGLE_THREADED    -O0 -g -Wall   -mno-hw-div -mno-hw-mul -mno-hw-mulx -mgpopt=global  -o obj/default/kirby.o kirby.c
kirby.c: In function 'will_Touch_Ground':
kirby.c:342:1: warning: control reaches end of non-void function [-Wreturn-type]
 }
 ^
Info: Linking usb.elf
nios2-elf-g++  -T'../usb_bsp//linker.x' -msys-crt0='../usb_bsp//obj/HAL/src/crt0.o' -msys-lib=hal_bsp -L../usb_bsp/   -Wl,-Map=usb.map   -O0 -g -Wall   -mno-hw-div -mno-hw-mul -mno-hw-mulx -mgpopt=global  -o usb.elf obj/default/game_logic.o obj/default/io_handler.o obj/default/kirby.o obj/default/main.o obj/default/test.o obj/default/usb.o obj/default/usb_main.o -lm -msys-lib=m
nios2-elf-insert usb.elf --thread_model hal --cpu_name nios2_gen2_0 --qsys true --simulation_enabled false --id 0 --sidp 0x108 --timestamp 1599198560 --stderr_dev jtag_uart_0 --stdin_dev jtag_uart_0 --stdout_dev jtag_uart_0 --sopc_system_name final_nios_system --quartus_project_dir "D:/ECE385/FinalProject/ECE385_Final_Project_Kriby/Final" --jdi D:/ECE385/FinalProject/ECE385_Final_Project_Kriby/Final/software/usb_bsp/../../FinalProject.jdi --sopcinfo D:/ECE385/FinalProject/ECE385_Final_Project_Kriby/Final/software/usb_bsp/../../final_nios_system.sopcinfo
Info: (usb.elf) 96 KBytes program size (code + initialized data).
Info:           130958 KBytes free for stack + heap.
Info: Creating usb.objdump
nios2-elf-objdump --disassemble --syms --all-header --source usb.elf >usb.objdump
[usb build complete]
16:03:24 **** Incremental Build of configuration Nios II for project usb_bsp ****
make all 
[BSP build complete]
16:39:03 **** Incremental Build of configuration Nios II for project usb ****
make all 
Info: Building ../usb_bsp/
D:/intelFPGA_lite/18.1/nios2eds/bin/gnu/H-x86_64-mingw32/bin/make --no-print-directory -C ../usb_bsp/
[BSP build complete]
Info: Compiling kirby.c to obj/default/kirby.o
nios2-elf-gcc -xc -MP -MMD -c -I../usb_bsp//HAL/inc -I../usb_bsp/ -I../usb_bsp//drivers/inc  -pipe -D__hal__ -DALT_NO_INSTRUCTION_EMULATION -DALT_SINGLE_THREADED    -O0 -g -Wall   -mno-hw-div -mno-hw-mul -mno-hw-mulx -mgpopt=global  -o obj/default/kirby.o kirby.c
kirby.c: In function 'will_Touch_Ground':
kirby.c:342:1: warning: control reaches end of non-void function [-Wreturn-type]
 }
 ^
Info: Linking usb.elf
nios2-elf-g++  -T'../usb_bsp//linker.x' -msys-crt0='../usb_bsp//obj/HAL/src/crt0.o' -msys-lib=hal_bsp -L../usb_bsp/   -Wl,-Map=usb.map   -O0 -g -Wall   -mno-hw-div -mno-hw-mul -mno-hw-mulx -mgpopt=global  -o usb.elf obj/default/game_logic.o obj/default/io_handler.o obj/default/kirby.o obj/default/main.o obj/default/test.o obj/default/usb.o obj/default/usb_main.o -lm -msys-lib=m
../usb_bsp/\libhal_bsp.a(alt_instruction_exception_entry.o): In function `alt_instruction_exception_entry':
D:\ECE385\FinalProject\ECE385_Final_Project_Kriby\Final\software\usb_bsp/HAL/src/alt_instruction_exception_entry.c:95: warning: Unable to reach (null) (at 0x101b8b68) from the global pointer (at 0x100ee268) because the offset (829696) is out of the allowed range, -32678 to 32767.

collect2.exe: error: ld returned 1 exit status
make: *** [usb.elf] Error 1
16:39:06 **** Incremental Build of configuration Nios II for project usb_bsp ****
make all 
[BSP build complete]
16:40:06 **** Incremental Build of configuration Nios II for project usb ****
make all 
Info: Building ../usb_bsp/
D:/intelFPGA_lite/18.1/nios2eds/bin/gnu/H-x86_64-mingw32/bin/make --no-print-directory -C ../usb_bsp/
[BSP build complete]
Info: Compiling kirby.c to obj/default/kirby.o
nios2-elf-gcc -xc -MP -MMD -c -I../usb_bsp//HAL/inc -I../usb_bsp/ -I../usb_bsp//drivers/inc  -pipe -D__hal__ -DALT_NO_INSTRUCTION_EMULATION -DALT_SINGLE_THREADED    -O0 -g -Wall   -mno-hw-div -mno-hw-mul -mno-hw-mulx -mgpopt=global  -o obj/default/kirby.o kirby.c
kirby.c: In function 'will_Touch_Ground':
kirby.c:342:1: warning: control reaches end of non-void function [-Wreturn-type]
 }
 ^
Info: Linking usb.elf
nios2-elf-g++  -T'../usb_bsp//linker.x' -msys-crt0='../usb_bsp//obj/HAL/src/crt0.o' -msys-lib=hal_bsp -L../usb_bsp/   -Wl,-Map=usb.map   -O0 -g -Wall   -mno-hw-div -mno-hw-mul -mno-hw-mulx -mgpopt=global  -o usb.elf obj/default/game_logic.o obj/default/io_handler.o obj/default/kirby.o obj/default/main.o obj/default/test.o obj/default/usb.o obj/default/usb_main.o -lm -msys-lib=m
../usb_bsp/\libhal_bsp.a(alt_instruction_exception_entry.o): In function `alt_instruction_exception_entry':
D:\ECE385\FinalProject\ECE385_Final_Project_Kriby\Final\software\usb_bsp/HAL/src/alt_instruction_exception_entry.c:95: warning: Unable to reach (null) (at 0x10119b80) from the global pointer (at 0x1009ea74) because the offset (504076) is out of the allowed range, -32678 to 32767.

collect2.exe: error: ld returned 1 exit status
make: *** [usb.elf] Error 1
16:40:08 **** Incremental Build of configuration Nios II for project usb_bsp ****
make all 
[BSP build complete]
16:40:36 **** Incremental Build of configuration Nios II for project usb ****
make all 
Info: Building ../usb_bsp/
D:/intelFPGA_lite/18.1/nios2eds/bin/gnu/H-x86_64-mingw32/bin/make --no-print-directory -C ../usb_bsp/
[BSP build complete]
Info: Compiling kirby.c to obj/default/kirby.o
nios2-elf-gcc -xc -MP -MMD -c -I../usb_bsp//HAL/inc -I../usb_bsp/ -I../usb_bsp//drivers/inc  -pipe -D__hal__ -DALT_NO_INSTRUCTION_EMULATION -DALT_SINGLE_THREADED    -O0 -g -Wall   -mno-hw-div -mno-hw-mul -mno-hw-mulx -mgpopt=global  -o obj/default/kirby.o kirby.c
kirby.c: In function 'will_Touch_Ground':
kirby.c:342:1: warning: control reaches end of non-void function [-Wreturn-type]
 }
 ^
Info: Linking usb.elf
nios2-elf-g++  -T'../usb_bsp//linker.x' -msys-crt0='../usb_bsp//obj/HAL/src/crt0.o' -msys-lib=hal_bsp -L../usb_bsp/   -Wl,-Map=usb.map   -O0 -g -Wall   -mno-hw-div -mno-hw-mul -mno-hw-mulx -mgpopt=global  -o usb.elf obj/default/game_logic.o obj/default/io_handler.o obj/default/kirby.o obj/default/main.o obj/default/test.o obj/default/usb.o obj/default/usb_main.o -lm -msys-lib=m
../usb_bsp/\libhal_bsp.a(alt_instruction_exception_entry.o): In function `alt_instruction_exception_entry':
D:\ECE385\FinalProject\ECE385_Final_Project_Kriby\Final\software\usb_bsp/HAL/src/alt_instruction_exception_entry.c:95: warning: Unable to reach (null) (at 0x100b3ad8) from the global pointer (at 0x1006ba20) because the offset (295096) is out of the allowed range, -32678 to 32767.

collect2.exe: error: ld returned 1 exit status
make: *** [usb.elf] Error 1
16:40:38 **** Incremental Build of configuration Nios II for project usb_bsp ****
make all 
[BSP build complete]
16:40:55 **** Incremental Build of configuration Nios II for project usb ****
make all 
Info: Building ../usb_bsp/
D:/intelFPGA_lite/18.1/nios2eds/bin/gnu/H-x86_64-mingw32/bin/make --no-print-directory -C ../usb_bsp/
[BSP build complete]
Info: Compiling kirby.c to obj/default/kirby.o
nios2-elf-gcc -xc -MP -MMD -c -I../usb_bsp//HAL/inc -I../usb_bsp/ -I../usb_bsp//drivers/inc  -pipe -D__hal__ -DALT_NO_INSTRUCTION_EMULATION -DALT_SINGLE_THREADED    -O0 -g -Wall   -mno-hw-div -mno-hw-mul -mno-hw-mulx -mgpopt=global  -o obj/default/kirby.o kirby.c
kirby.c: In function 'will_Touch_Ground':
kirby.c:342:1: warning: control reaches end of non-void function [-Wreturn-type]
 }
 ^
Info: Linking usb.elf
nios2-elf-g++  -T'../usb_bsp//linker.x' -msys-crt0='../usb_bsp//obj/HAL/src/crt0.o' -msys-lib=hal_bsp -L../usb_bsp/   -Wl,-Map=usb.map   -O0 -g -Wall   -mno-hw-div -mno-hw-mul -mno-hw-mulx -mgpopt=global  -o usb.elf obj/default/game_logic.o obj/default/io_handler.o obj/default/kirby.o obj/default/main.o obj/default/test.o obj/default/usb.o obj/default/usb_main.o -lm -msys-lib=m
../usb_bsp/\libhal_bsp.a(alt_instruction_exception_entry.o): In function `alt_instruction_exception_entry':
D:\ECE385\FinalProject\ECE385_Final_Project_Kriby\Final\software\usb_bsp/HAL/src/alt_instruction_exception_entry.c:95: warning: Unable to reach (null) (at 0x1006c7c8) from the global pointer (at 0x10048098) because the offset (149296) is out of the allowed range, -32678 to 32767.

collect2.exe: error: ld returned 1 exit status
make: *** [usb.elf] Error 1
16:40:56 **** Incremental Build of configuration Nios II for project usb_bsp ****
make all 
[BSP build complete]
16:41:24 **** Incremental Build of configuration Nios II for project usb ****
make all 
Info: Building ../usb_bsp/
D:/intelFPGA_lite/18.1/nios2eds/bin/gnu/H-x86_64-mingw32/bin/make --no-print-directory -C ../usb_bsp/
[BSP build complete]
Info: Compiling kirby.c to obj/default/kirby.o
nios2-elf-gcc -xc -MP -MMD -c -I../usb_bsp//HAL/inc -I../usb_bsp/ -I../usb_bsp//drivers/inc  -pipe -D__hal__ -DALT_NO_INSTRUCTION_EMULATION -DALT_SINGLE_THREADED    -O0 -g -Wall   -mno-hw-div -mno-hw-mul -mno-hw-mulx -mgpopt=global  -o obj/default/kirby.o kirby.c
kirby.c: In function 'will_Touch_Ground':
kirby.c:342:1: warning: control reaches end of non-void function [-Wreturn-type]
 }
 ^
Info: Linking usb.elf
nios2-elf-g++  -T'../usb_bsp//linker.x' -msys-crt0='../usb_bsp//obj/HAL/src/crt0.o' -msys-lib=hal_bsp -L../usb_bsp/   -Wl,-Map=usb.map   -O0 -g -Wall   -mno-hw-div -mno-hw-mul -mno-hw-mulx -mgpopt=global  -o usb.elf obj/default/game_logic.o obj/default/io_handler.o obj/default/kirby.o obj/default/main.o obj/default/test.o obj/default/usb.o obj/default/usb_main.o -lm -msys-lib=m
nios2-elf-insert usb.elf --thread_model hal --cpu_name nios2_gen2_0 --qsys true --simulation_enabled false --id 0 --sidp 0x108 --timestamp 1599198560 --stderr_dev jtag_uart_0 --stdin_dev jtag_uart_0 --stdout_dev jtag_uart_0 --sopc_system_name final_nios_system --quartus_project_dir "D:/ECE385/FinalProject/ECE385_Final_Project_Kriby/Final" --jdi D:/ECE385/FinalProject/ECE385_Final_Project_Kriby/Final/software/usb_bsp/../../FinalProject.jdi --sopcinfo D:/ECE385/FinalProject/ECE385_Final_Project_Kriby/Final/software/usb_bsp/../../final_nios_system.sopcinfo
Info: (usb.elf) 128 KBytes program size (code + initialized data).
Info:           130894 KBytes free for stack + heap.
Info: Creating usb.objdump
nios2-elf-objdump --disassemble --syms --all-header --source usb.elf >usb.objdump
[usb build complete]
16:41:27 **** Incremental Build of configuration Nios II for project usb_bsp ****
make all 
[BSP build complete]
16:41:41 **** Incremental Build of configuration Nios II for project usb ****
make all 
Info: Building ../usb_bsp/
D:/intelFPGA_lite/18.1/nios2eds/bin/gnu/H-x86_64-mingw32/bin/make --no-print-directory -C ../usb_bsp/
[BSP build complete]
Info: Compiling kirby.c to obj/default/kirby.o
nios2-elf-gcc -xc -MP -MMD -c -I../usb_bsp//HAL/inc -I../usb_bsp/ -I../usb_bsp//drivers/inc  -pipe -D__hal__ -DALT_NO_INSTRUCTION_EMULATION -DALT_SINGLE_THREADED    -O0 -g -Wall   -mno-hw-div -mno-hw-mul -mno-hw-mulx -mgpopt=global  -o obj/default/kirby.o kirby.c
kirby.c: In function 'will_Touch_Ground':
kirby.c:342:1: warning: control reaches end of non-void function [-Wreturn-type]
 }
 ^
Info: Linking usb.elf
nios2-elf-g++  -T'../usb_bsp//linker.x' -msys-crt0='../usb_bsp//obj/HAL/src/crt0.o' -msys-lib=hal_bsp -L../usb_bsp/   -Wl,-Map=usb.map   -O0 -g -Wall   -mno-hw-div -mno-hw-mul -mno-hw-mulx -mgpopt=global  -o usb.elf obj/default/game_logic.o obj/default/io_handler.o obj/default/kirby.o obj/default/main.o obj/default/test.o obj/default/usb.o obj/default/usb_main.o -lm -msys-lib=m
../usb_bsp/\libhal_bsp.a(alt_instruction_exception_entry.o): In function `alt_instruction_exception_entry':
D:\ECE385\FinalProject\ECE385_Final_Project_Kriby\Final\software\usb_bsp/HAL/src/alt_instruction_exception_entry.c:95: warning: Unable to reach (null) (at 0x10041c58) from the global pointer (at 0x10032ae0) because the offset (61816) is out of the allowed range, -32678 to 32767.

collect2.exe: error: ld returned 1 exit status
make: *** [usb.elf] Error 1
16:41:43 **** Incremental Build of configuration Nios II for project usb_bsp ****
make all 
[BSP build complete]
20:06:31 **** Incremental Build of configuration Nios II for project usb ****
make all 
Info: Building ../usb_bsp/
D:/intelFPGA_lite/18.1/nios2eds/bin/gnu/H-x86_64-mingw32/bin/make --no-print-directory -C ../usb_bsp/
[BSP build complete]
Info: Compiling kirby.c to obj/default/kirby.o
nios2-elf-gcc -xc -MP -MMD -c -I../usb_bsp//HAL/inc -I../usb_bsp/ -I../usb_bsp//drivers/inc  -pipe -D__hal__ -DALT_NO_INSTRUCTION_EMULATION -DALT_SINGLE_THREADED    -O0 -g -Wall   -mno-hw-div -mno-hw-mul -mno-hw-mulx -mgpopt=global  -o obj/default/kirby.o kirby.c
kirby.c: In function 'will_Touch_Ground':
kirby.c:342:1: warning: control reaches end of non-void function [-Wreturn-type]
 }
 ^
Info: Linking usb.elf
nios2-elf-g++  -T'../usb_bsp//linker.x' -msys-crt0='../usb_bsp//obj/HAL/src/crt0.o' -msys-lib=hal_bsp -L../usb_bsp/   -Wl,-Map=usb.map   -O0 -g -Wall   -mno-hw-div -mno-hw-mul -mno-hw-mulx -mgpopt=global  -o usb.elf obj/default/game_logic.o obj/default/io_handler.o obj/default/kirby.o obj/default/main.o obj/default/test.o obj/default/usb.o obj/default/usb_main.o -lm -msys-lib=m
../usb_bsp/\libhal_bsp.a(alt_instruction_exception_entry.o): In function `alt_instruction_exception_entry':
D:\ECE385\FinalProject\ECE385_Final_Project_Kriby\Final\software\usb_bsp/HAL/src/alt_instruction_exception_entry.c:95: warning: Unable to reach (null) (at 0x1003bab0) from the global pointer (at 0x1002fa0c) because the offset (49316) is out of the allowed range, -32678 to 32767.

collect2.exe: error: ld returned 1 exit status
make: *** [usb.elf] Error 1
20:06:35 **** Incremental Build of configuration Nios II for project usb_bsp ****
make all 
[BSP build complete]
20:06:48 **** Incremental Build of configuration Nios II for project usb ****
make all 
Info: Building ../usb_bsp/
D:/intelFPGA_lite/18.1/nios2eds/bin/gnu/H-x86_64-mingw32/bin/make --no-print-directory -C ../usb_bsp/
[BSP build complete]
Info: Compiling kirby.c to obj/default/kirby.o
nios2-elf-gcc -xc -MP -MMD -c -I../usb_bsp//HAL/inc -I../usb_bsp/ -I../usb_bsp//drivers/inc  -pipe -D__hal__ -DALT_NO_INSTRUCTION_EMULATION -DALT_SINGLE_THREADED    -O0 -g -Wall   -mno-hw-div -mno-hw-mul -mno-hw-mulx -mgpopt=global  -o obj/default/kirby.o kirby.c
kirby.c: In function 'will_Touch_Ground':
kirby.c:342:1: warning: control reaches end of non-void function [-Wreturn-type]
 }
 ^
Info: Linking usb.elf
nios2-elf-g++  -T'../usb_bsp//linker.x' -msys-crt0='../usb_bsp//obj/HAL/src/crt0.o' -msys-lib=hal_bsp -L../usb_bsp/   -Wl,-Map=usb.map   -O0 -g -Wall   -mno-hw-div -mno-hw-mul -mno-hw-mulx -mgpopt=global  -o usb.elf obj/default/game_logic.o obj/default/io_handler.o obj/default/kirby.o obj/default/main.o obj/default/test.o obj/default/usb.o obj/default/usb_main.o -lm -msys-lib=m
nios2-elf-insert usb.elf --thread_model hal --cpu_name nios2_gen2_0 --qsys true --simulation_enabled false --id 0 --sidp 0x108 --timestamp 1599198560 --stderr_dev jtag_uart_0 --stdin_dev jtag_uart_0 --stdout_dev jtag_uart_0 --sopc_system_name final_nios_system --quartus_project_dir "D:/ECE385/FinalProject/ECE385_Final_Project_Kriby/Final" --jdi D:/ECE385/FinalProject/ECE385_Final_Project_Kriby/Final/software/usb_bsp/../../FinalProject.jdi --sopcinfo D:/ECE385/FinalProject/ECE385_Final_Project_Kriby/Final/software/usb_bsp/../../final_nios_system.sopcinfo
Info: (usb.elf) 132 KBytes program size (code + initialized data).
Info:           130885 KBytes free for stack + heap.
Info: Creating usb.objdump
nios2-elf-objdump --disassemble --syms --all-header --source usb.elf >usb.objdump
[usb build complete]
20:06:53 **** Incremental Build of configuration Nios II for project usb_bsp ****
make all 
[BSP build complete]
20:44:07 **** Incremental Build of configuration Nios II for project usb ****
make all 
Info: Building ../usb_bsp/
D:/intelFPGA_lite/18.1/nios2eds/bin/gnu/H-x86_64-mingw32/bin/make --no-print-directory -C ../usb_bsp/
[BSP build complete]
Info: Compiling kirby.c to obj/default/kirby.o
nios2-elf-gcc -xc -MP -MMD -c -I../usb_bsp//HAL/inc -I../usb_bsp/ -I../usb_bsp//drivers/inc  -pipe -D__hal__ -DALT_NO_INSTRUCTION_EMULATION -DALT_SINGLE_THREADED    -O0 -g -Wall   -mno-hw-div -mno-hw-mul -mno-hw-mulx -mgpopt=global  -o obj/default/kirby.o kirby.c
kirby.c: In function 'upload_Kirby_Info':
kirby.c:27:9: warning: unused variable 'Kirby_Pos_Y' [-Wunused-variable]
     int Kirby_Pos_Y = kirby->y;
         ^
kirby.c:26:9: warning: unused variable 'Kirby_Pos_X' [-Wunused-variable]
     int Kirby_Pos_X = kirby->x;
         ^
kirby.c: In function 'updateKirby':
kirby.c:86:9: warning: unused variable 'prekey1' [-Wunused-variable]
     int prekey1 = (pre_keycode >> 8) & 0xff;
         ^
kirby.c:85:9: warning: unused variable 'prekey0' [-Wunused-variable]
     int prekey0 = pre_keycode & 0xff;
         ^
kirby.c:84:9: warning: unused variable 'key1' [-Wunused-variable]
     int key1 = (keycode >> 8) & 0xff;
         ^
kirby.c:83:9: warning: unused variable 'key0' [-Wunused-variable]
     int key0 = keycode & 0xff;
         ^
kirby.c: In function 'force_It_On_Ground':
kirby.c:332:12: warning: implicit declaration of function 'get_Wall_Info' [-Wimplicit-function-declaration]
     while (get_Wall_Info(kirby_botton_X, kirby_botton_Y + 1, map_idx) == AREA_CAN_GO) {
            ^
kirby.c:328:9: warning: unused variable 'kirby_ceil_Y' [-Wunused-variable]
     int kirby_ceil_Y = get_Kirby_Ceil_Pos(kirby) & 0x0000ffff;
         ^
kirby.c:327:9: warning: unused variable 'kirby_ceil_X' [-Wunused-variable]
     int kirby_ceil_X = (get_Kirby_Ceil_Pos(kirby) >> 16) & 0x0000ffff;
         ^
kirby.c: In function 'get_Wall_Info':
kirby.c:528:1: warning: control reaches end of non-void function [-Wreturn-type]
 }
 ^
Info: Linking usb.elf
nios2-elf-g++  -T'../usb_bsp//linker.x' -msys-crt0='../usb_bsp//obj/HAL/src/crt0.o' -msys-lib=hal_bsp -L../usb_bsp/   -Wl,-Map=usb.map   -O0 -g -Wall   -mno-hw-div -mno-hw-mul -mno-hw-mulx -mgpopt=global  -o usb.elf obj/default/game_logic.o obj/default/io_handler.o obj/default/kirby.o obj/default/main.o obj/default/test.o obj/default/usb.o obj/default/usb_main.o -lm -msys-lib=m
nios2-elf-insert usb.elf --thread_model hal --cpu_name nios2_gen2_0 --qsys true --simulation_enabled false --id 0 --sidp 0x108 --timestamp 1599198560 --stderr_dev jtag_uart_0 --stdin_dev jtag_uart_0 --stdout_dev jtag_uart_0 --sopc_system_name final_nios_system --quartus_project_dir "D:/ECE385/FinalProject/ECE385_Final_Project_Kriby/Final" --jdi D:/ECE385/FinalProject/ECE385_Final_Project_Kriby/Final/software/usb_bsp/../../FinalProject.jdi --sopcinfo D:/ECE385/FinalProject/ECE385_Final_Project_Kriby/Final/software/usb_bsp/../../final_nios_system.sopcinfo
Info: (usb.elf) 134 KBytes program size (code + initialized data).
Info:           130883 KBytes free for stack + heap.
Info: Creating usb.objdump
nios2-elf-objdump --disassemble --syms --all-header --source usb.elf >usb.objdump
[usb build complete]
20:44:12 **** Incremental Build of configuration Nios II for project usb_bsp ****
make all 
[BSP build complete]
