Info: Starting: Create block symbol file (.bsf)
Info: qsys-generate D:\ECE385\FinalProject\ECE385_Final_Project_Kriby\Final\final_nios_system.qsys --block-symbol-file --output-directory=D:\ECE385\FinalProject\ECE385_Final_Project_Kriby\Final\final_nios_system --family="Cyclone IV E" --part=EP4CE115F29C7
Progress: Loading Final/final_nios_system.qsys
Progress: Reading input file
Progress: Adding Kirby_Game_Core_0 [Kirby_Game_Core 1.0]
Progress: Parameterizing module Kirby_Game_Core_0
Progress: Adding clk_0 [clock_source 18.1]
Progress: Parameterizing module clk_0
Progress: Adding jtag_uart_0 [altera_avalon_jtag_uart 18.1]
Progress: Parameterizing module jtag_uart_0
Progress: Adding key [altera_avalon_pio 18.1]
Progress: Parameterizing module key
Progress: Adding keycode [altera_avalon_pio 18.1]
Progress: Parameterizing module keycode
Progress: Adding led_life [altera_avalon_pio 18.1]
Progress: Parameterizing module led_life
Progress: Adding nios2_gen2_0 [altera_nios2_gen2 18.1]
Progress: Parameterizing module nios2_gen2_0
Progress: Adding onchip_memory2_0 [altera_avalon_onchip_memory2 18.1]
Progress: Parameterizing module onchip_memory2_0
Progress: Adding otg_hpi_address [altera_avalon_pio 18.1]
Progress: Parameterizing module otg_hpi_address
Progress: Adding otg_hpi_cs [altera_avalon_pio 18.1]
Progress: Parameterizing module otg_hpi_cs
Progress: Adding otg_hpi_data [altera_avalon_pio 18.1]
Progress: Parameterizing module otg_hpi_data
Progress: Adding otg_hpi_r [altera_avalon_pio 18.1]
Progress: Parameterizing module otg_hpi_r
Progress: Adding otg_hpi_reset [altera_avalon_pio 18.1]
Progress: Parameterizing module otg_hpi_reset
Progress: Adding otg_hpi_w [altera_avalon_pio 18.1]
Progress: Parameterizing module otg_hpi_w
Progress: Adding sdram [altera_avalon_new_sdram_controller 18.1]
Progress: Parameterizing module sdram
Progress: Adding sdram_pll [altpll 18.1]
Progress: Parameterizing module sdram_pll
Progress: Adding switch [altera_avalon_pio 18.1]
Progress: Parameterizing module switch
Progress: Adding sysid_qsys_0 [altera_avalon_sysid_qsys 18.1]
Progress: Parameterizing module sysid_qsys_0
Progress: Building connections
Progress: Parameterizing connections
Progress: Validating
Progress: Done reading input file
Info: final_nios_system.jtag_uart_0: JTAG UART IP input clock need to be at least double (2x) the operating frequency of JTAG TCK on board
Info: final_nios_system.key: PIO inputs are not hardwired in test bench. Undefined values will be read from PIO inputs during simulation.
Info: final_nios_system.otg_hpi_data: PIO inputs are not hardwired in test bench. Undefined values will be read from PIO inputs during simulation.
Info: final_nios_system.sdram: SDRAM Controller will only be supported in Quartus Prime Standard Edition in the future release.
Info: final_nios_system.sysid_qsys_0: System ID is not assigned automatically. Edit the System ID parameter to provide a unique ID
Info: final_nios_system.sysid_qsys_0: Time stamp will be automatically updated when this component is generated.
Info: qsys-generate succeeded.
Info: Finished: Create block symbol file (.bsf)
Info: 
Info: Starting: Create HDL design files for synthesis
Info: qsys-generate D:\ECE385\FinalProject\ECE385_Final_Project_Kriby\Final\final_nios_system.qsys --synthesis=VERILOG --output-directory=D:\ECE385\FinalProject\ECE385_Final_Project_Kriby\Final\final_nios_system\synthesis --family="Cyclone IV E" --part=EP4CE115F29C7
Progress: Loading Final/final_nios_system.qsys
Progress: Reading input file
Progress: Adding Kirby_Game_Core_0 [Kirby_Game_Core 1.0]
Progress: Parameterizing module Kirby_Game_Core_0
Progress: Adding clk_0 [clock_source 18.1]
Progress: Parameterizing module clk_0
Progress: Adding jtag_uart_0 [altera_avalon_jtag_uart 18.1]
Progress: Parameterizing module jtag_uart_0
Progress: Adding key [altera_avalon_pio 18.1]
Progress: Parameterizing module key
Progress: Adding keycode [altera_avalon_pio 18.1]
Progress: Parameterizing module keycode
Progress: Adding led_life [altera_avalon_pio 18.1]
Progress: Parameterizing module led_life
Progress: Adding nios2_gen2_0 [altera_nios2_gen2 18.1]
Progress: Parameterizing module nios2_gen2_0
Progress: Adding onchip_memory2_0 [altera_avalon_onchip_memory2 18.1]
Progress: Parameterizing module onchip_memory2_0
Progress: Adding otg_hpi_address [altera_avalon_pio 18.1]
Progress: Parameterizing module otg_hpi_address
Progress: Adding otg_hpi_cs [altera_avalon_pio 18.1]
Progress: Parameterizing module otg_hpi_cs
Progress: Adding otg_hpi_data [altera_avalon_pio 18.1]
Progress: Parameterizing module otg_hpi_data
Progress: Adding otg_hpi_r [altera_avalon_pio 18.1]
Progress: Parameterizing module otg_hpi_r
Progress: Adding otg_hpi_reset [altera_avalon_pio 18.1]
Progress: Parameterizing module otg_hpi_reset
Progress: Adding otg_hpi_w [altera_avalon_pio 18.1]
Progress: Parameterizing module otg_hpi_w
Progress: Adding sdram [altera_avalon_new_sdram_controller 18.1]
Progress: Parameterizing module sdram
Progress: Adding sdram_pll [altpll 18.1]
Progress: Parameterizing module sdram_pll
Progress: Adding switch [altera_avalon_pio 18.1]
Progress: Parameterizing module switch
Progress: Adding sysid_qsys_0 [altera_avalon_sysid_qsys 18.1]
Progress: Parameterizing module sysid_qsys_0
Progress: Building connections
Progress: Parameterizing connections
Progress: Validating
Progress: Done reading input file
Info: final_nios_system.jtag_uart_0: JTAG UART IP input clock need to be at least double (2x) the operating frequency of JTAG TCK on board
Info: final_nios_system.key: PIO inputs are not hardwired in test bench. Undefined values will be read from PIO inputs during simulation.
Info: final_nios_system.otg_hpi_data: PIO inputs are not hardwired in test bench. Undefined values will be read from PIO inputs during simulation.
Info: final_nios_system.sdram: SDRAM Controller will only be supported in Quartus Prime Standard Edition in the future release.
Info: final_nios_system.sysid_qsys_0: System ID is not assigned automatically. Edit the System ID parameter to provide a unique ID
Info: final_nios_system.sysid_qsys_0: Time stamp will be automatically updated when this component is generated.
Info: final_nios_system: Generating final_nios_system "final_nios_system" for QUARTUS_SYNTH
Info: Inserting clock-crossing logic between cmd_demux.src6 and cmd_mux_006.sink0
Info: Inserting clock-crossing logic between cmd_demux_001.src4 and cmd_mux_006.sink1
Info: Inserting clock-crossing logic between rsp_demux_006.src0 and rsp_mux.sink6
Info: Inserting clock-crossing logic between rsp_demux_006.src1 and rsp_mux_001.sink4
Info: Kirby_Game_Core_0: "final_nios_system" instantiated Kirby_Game_Core "Kirby_Game_Core_0"
Info: jtag_uart_0: Starting RTL generation for module 'final_nios_system_jtag_uart_0'
Info: jtag_uart_0:   Generation command is [exec D:/intelfpga_lite/18.1/quartus/bin64/perl/bin/perl.exe -I D:/intelfpga_lite/18.1/quartus/bin64/perl/lib -I D:/intelfpga_lite/18.1/quartus/sopc_builder/bin/europa -I D:/intelfpga_lite/18.1/quartus/sopc_builder/bin/perl_lib -I D:/intelfpga_lite/18.1/quartus/sopc_builder/bin -I D:/intelfpga_lite/18.1/quartus/../ip/altera/sopc_builder_ip/common -I D:/intelfpga_lite/18.1/quartus/../ip/altera/sopc_builder_ip/altera_avalon_jtag_uart -- D:/intelfpga_lite/18.1/quartus/../ip/altera/sopc_builder_ip/altera_avalon_jtag_uart/generate_rtl.pl --name=final_nios_system_jtag_uart_0 --dir=C:/Users/zheny/AppData/Local/Temp/alt8507_1608597715950478956.dir/0003_jtag_uart_0_gen/ --quartus_dir=D:/intelfpga_lite/18.1/quartus --verilog --config=C:/Users/zheny/AppData/Local/Temp/alt8507_1608597715950478956.dir/0003_jtag_uart_0_gen//final_nios_system_jtag_uart_0_component_configuration.pl  --do_build_sim=0  ]
Info: jtag_uart_0: Done RTL generation for module 'final_nios_system_jtag_uart_0'
Info: jtag_uart_0: "final_nios_system" instantiated altera_avalon_jtag_uart "jtag_uart_0"
Info: key: Starting RTL generation for module 'final_nios_system_key'
Info: key:   Generation command is [exec D:/intelfpga_lite/18.1/quartus/bin64/perl/bin/perl.exe -I D:/intelfpga_lite/18.1/quartus/bin64/perl/lib -I D:/intelfpga_lite/18.1/quartus/sopc_builder/bin/europa -I D:/intelfpga_lite/18.1/quartus/sopc_builder/bin/perl_lib -I D:/intelfpga_lite/18.1/quartus/sopc_builder/bin -I D:/intelfpga_lite/18.1/quartus/../ip/altera/sopc_builder_ip/common -I D:/intelfpga_lite/18.1/quartus/../ip/altera/sopc_builder_ip/altera_avalon_pio -- D:/intelfpga_lite/18.1/quartus/../ip/altera/sopc_builder_ip/altera_avalon_pio/generate_rtl.pl --name=final_nios_system_key --dir=C:/Users/zheny/AppData/Local/Temp/alt8507_1608597715950478956.dir/0004_key_gen/ --quartus_dir=D:/intelfpga_lite/18.1/quartus --verilog --config=C:/Users/zheny/AppData/Local/Temp/alt8507_1608597715950478956.dir/0004_key_gen//final_nios_system_key_component_configuration.pl  --do_build_sim=0  ]
Info: key: Done RTL generation for module 'final_nios_system_key'
Info: key: "final_nios_system" instantiated altera_avalon_pio "key"
Info: keycode: Starting RTL generation for module 'final_nios_system_keycode'
Info: keycode:   Generation command is [exec D:/intelfpga_lite/18.1/quartus/bin64/perl/bin/perl.exe -I D:/intelfpga_lite/18.1/quartus/bin64/perl/lib -I D:/intelfpga_lite/18.1/quartus/sopc_builder/bin/europa -I D:/intelfpga_lite/18.1/quartus/sopc_builder/bin/perl_lib -I D:/intelfpga_lite/18.1/quartus/sopc_builder/bin -I D:/intelfpga_lite/18.1/quartus/../ip/altera/sopc_builder_ip/common -I D:/intelfpga_lite/18.1/quartus/../ip/altera/sopc_builder_ip/altera_avalon_pio -- D:/intelfpga_lite/18.1/quartus/../ip/altera/sopc_builder_ip/altera_avalon_pio/generate_rtl.pl --name=final_nios_system_keycode --dir=C:/Users/zheny/AppData/Local/Temp/alt8507_1608597715950478956.dir/0005_keycode_gen/ --quartus_dir=D:/intelfpga_lite/18.1/quartus --verilog --config=C:/Users/zheny/AppData/Local/Temp/alt8507_1608597715950478956.dir/0005_keycode_gen//final_nios_system_keycode_component_configuration.pl  --do_build_sim=0  ]
Info: keycode: Done RTL generation for module 'final_nios_system_keycode'
Info: keycode: "final_nios_system" instantiated altera_avalon_pio "keycode"
Info: nios2_gen2_0: "final_nios_system" instantiated altera_nios2_gen2 "nios2_gen2_0"
Info: onchip_memory2_0: Starting RTL generation for module 'final_nios_system_onchip_memory2_0'
Info: onchip_memory2_0:   Generation command is [exec D:/intelfpga_lite/18.1/quartus/bin64/perl/bin/perl.exe -I D:/intelfpga_lite/18.1/quartus/bin64/perl/lib -I D:/intelfpga_lite/18.1/quartus/sopc_builder/bin/europa -I D:/intelfpga_lite/18.1/quartus/sopc_builder/bin/perl_lib -I D:/intelfpga_lite/18.1/quartus/sopc_builder/bin -I D:/intelfpga_lite/18.1/quartus/../ip/altera/sopc_builder_ip/common -I D:/intelfpga_lite/18.1/quartus/../ip/altera/sopc_builder_ip/altera_avalon_onchip_memory2 -- D:/intelfpga_lite/18.1/quartus/../ip/altera/sopc_builder_ip/altera_avalon_onchip_memory2/generate_rtl.pl --name=final_nios_system_onchip_memory2_0 --dir=C:/Users/zheny/AppData/Local/Temp/alt8507_1608597715950478956.dir/0006_onchip_memory2_0_gen/ --quartus_dir=D:/intelfpga_lite/18.1/quartus --verilog --config=C:/Users/zheny/AppData/Local/Temp/alt8507_1608597715950478956.dir/0006_onchip_memory2_0_gen//final_nios_system_onchip_memory2_0_component_configuration.pl  --do_build_sim=0  ]
Info: onchip_memory2_0: Done RTL generation for module 'final_nios_system_onchip_memory2_0'
Info: onchip_memory2_0: "final_nios_system" instantiated altera_avalon_onchip_memory2 "onchip_memory2_0"
Info: otg_hpi_address: Starting RTL generation for module 'final_nios_system_otg_hpi_address'
Info: otg_hpi_address:   Generation command is [exec D:/intelfpga_lite/18.1/quartus/bin64/perl/bin/perl.exe -I D:/intelfpga_lite/18.1/quartus/bin64/perl/lib -I D:/intelfpga_lite/18.1/quartus/sopc_builder/bin/europa -I D:/intelfpga_lite/18.1/quartus/sopc_builder/bin/perl_lib -I D:/intelfpga_lite/18.1/quartus/sopc_builder/bin -I D:/intelfpga_lite/18.1/quartus/../ip/altera/sopc_builder_ip/common -I D:/intelfpga_lite/18.1/quartus/../ip/altera/sopc_builder_ip/altera_avalon_pio -- D:/intelfpga_lite/18.1/quartus/../ip/altera/sopc_builder_ip/altera_avalon_pio/generate_rtl.pl --name=final_nios_system_otg_hpi_address --dir=C:/Users/zheny/AppData/Local/Temp/alt8507_1608597715950478956.dir/0007_otg_hpi_address_gen/ --quartus_dir=D:/intelfpga_lite/18.1/quartus --verilog --config=C:/Users/zheny/AppData/Local/Temp/alt8507_1608597715950478956.dir/0007_otg_hpi_address_gen//final_nios_system_otg_hpi_address_component_configuration.pl  --do_build_sim=0  ]
Info: otg_hpi_address: Done RTL generation for module 'final_nios_system_otg_hpi_address'
Info: otg_hpi_address: "final_nios_system" instantiated altera_avalon_pio "otg_hpi_address"
Info: otg_hpi_cs: Starting RTL generation for module 'final_nios_system_otg_hpi_cs'
Info: otg_hpi_cs:   Generation command is [exec D:/intelfpga_lite/18.1/quartus/bin64/perl/bin/perl.exe -I D:/intelfpga_lite/18.1/quartus/bin64/perl/lib -I D:/intelfpga_lite/18.1/quartus/sopc_builder/bin/europa -I D:/intelfpga_lite/18.1/quartus/sopc_builder/bin/perl_lib -I D:/intelfpga_lite/18.1/quartus/sopc_builder/bin -I D:/intelfpga_lite/18.1/quartus/../ip/altera/sopc_builder_ip/common -I D:/intelfpga_lite/18.1/quartus/../ip/altera/sopc_builder_ip/altera_avalon_pio -- D:/intelfpga_lite/18.1/quartus/../ip/altera/sopc_builder_ip/altera_avalon_pio/generate_rtl.pl --name=final_nios_system_otg_hpi_cs --dir=C:/Users/zheny/AppData/Local/Temp/alt8507_1608597715950478956.dir/0008_otg_hpi_cs_gen/ --quartus_dir=D:/intelfpga_lite/18.1/quartus --verilog --config=C:/Users/zheny/AppData/Local/Temp/alt8507_1608597715950478956.dir/0008_otg_hpi_cs_gen//final_nios_system_otg_hpi_cs_component_configuration.pl  --do_build_sim=0  ]
Info: otg_hpi_cs: Done RTL generation for module 'final_nios_system_otg_hpi_cs'
Info: otg_hpi_cs: "final_nios_system" instantiated altera_avalon_pio "otg_hpi_cs"
Info: otg_hpi_data: Starting RTL generation for module 'final_nios_system_otg_hpi_data'
Info: otg_hpi_data:   Generation command is [exec D:/intelfpga_lite/18.1/quartus/bin64/perl/bin/perl.exe -I D:/intelfpga_lite/18.1/quartus/bin64/perl/lib -I D:/intelfpga_lite/18.1/quartus/sopc_builder/bin/europa -I D:/intelfpga_lite/18.1/quartus/sopc_builder/bin/perl_lib -I D:/intelfpga_lite/18.1/quartus/sopc_builder/bin -I D:/intelfpga_lite/18.1/quartus/../ip/altera/sopc_builder_ip/common -I D:/intelfpga_lite/18.1/quartus/../ip/altera/sopc_builder_ip/altera_avalon_pio -- D:/intelfpga_lite/18.1/quartus/../ip/altera/sopc_builder_ip/altera_avalon_pio/generate_rtl.pl --name=final_nios_system_otg_hpi_data --dir=C:/Users/zheny/AppData/Local/Temp/alt8507_1608597715950478956.dir/0009_otg_hpi_data_gen/ --quartus_dir=D:/intelfpga_lite/18.1/quartus --verilog --config=C:/Users/zheny/AppData/Local/Temp/alt8507_1608597715950478956.dir/0009_otg_hpi_data_gen//final_nios_system_otg_hpi_data_component_configuration.pl  --do_build_sim=0  ]
Info: otg_hpi_data: Done RTL generation for module 'final_nios_system_otg_hpi_data'
Info: otg_hpi_data: "final_nios_system" instantiated altera_avalon_pio "otg_hpi_data"
Info: sdram: Starting RTL generation for module 'final_nios_system_sdram'
Info: sdram:   Generation command is [exec D:/intelfpga_lite/18.1/quartus/bin64/perl/bin/perl.exe -I D:/intelfpga_lite/18.1/quartus/bin64/perl/lib -I D:/intelfpga_lite/18.1/quartus/sopc_builder/bin/europa -I D:/intelfpga_lite/18.1/quartus/sopc_builder/bin/perl_lib -I D:/intelfpga_lite/18.1/quartus/sopc_builder/bin -I D:/intelfpga_lite/18.1/quartus/../ip/altera/sopc_builder_ip/common -I D:/intelfpga_lite/18.1/quartus/../ip/altera/sopc_builder_ip/altera_avalon_new_sdram_controller -- D:/intelfpga_lite/18.1/quartus/../ip/altera/sopc_builder_ip/altera_avalon_new_sdram_controller/generate_rtl.pl --name=final_nios_system_sdram --dir=C:/Users/zheny/AppData/Local/Temp/alt8507_1608597715950478956.dir/0010_sdram_gen/ --quartus_dir=D:/intelfpga_lite/18.1/quartus --verilog --config=C:/Users/zheny/AppData/Local/Temp/alt8507_1608597715950478956.dir/0010_sdram_gen//final_nios_system_sdram_component_configuration.pl  --do_build_sim=0  ]
Info: sdram: Done RTL generation for module 'final_nios_system_sdram'
Info: sdram: "final_nios_system" instantiated altera_avalon_new_sdram_controller "sdram"
Info: sdram_pll: "final_nios_system" instantiated altpll "sdram_pll"
Info: sysid_qsys_0: "final_nios_system" instantiated altera_avalon_sysid_qsys "sysid_qsys_0"
Info: avalon_st_adapter: Inserting error_adapter: error_adapter_0
Info: avalon_st_adapter_001: Inserting error_adapter: error_adapter_0
Info: avalon_st_adapter_002: Inserting error_adapter: error_adapter_0
Info: avalon_st_adapter_003: Inserting error_adapter: error_adapter_0
Info: avalon_st_adapter_004: Inserting error_adapter: error_adapter_0
Info: avalon_st_adapter_005: Inserting error_adapter: error_adapter_0
Info: avalon_st_adapter_006: Inserting error_adapter: error_adapter_0
Info: avalon_st_adapter_007: Inserting error_adapter: error_adapter_0
Info: avalon_st_adapter_008: Inserting error_adapter: error_adapter_0
Info: avalon_st_adapter_009: Inserting error_adapter: error_adapter_0
Info: avalon_st_adapter_010: Inserting error_adapter: error_adapter_0
Info: avalon_st_adapter_011: Inserting error_adapter: error_adapter_0
Info: avalon_st_adapter_012: Inserting error_adapter: error_adapter_0
Info: avalon_st_adapter_013: Inserting error_adapter: error_adapter_0
Info: avalon_st_adapter_014: Inserting error_adapter: error_adapter_0
Info: mm_interconnect_0: "final_nios_system" instantiated altera_mm_interconnect "mm_interconnect_0"
Info: irq_mapper: "final_nios_system" instantiated altera_irq_mapper "irq_mapper"
Info: rst_controller: "final_nios_system" instantiated altera_reset_controller "rst_controller"
Info: cpu: Starting RTL generation for module 'final_nios_system_nios2_gen2_0_cpu'
Info: cpu:   Generation command is [exec D:/intelFPGA_lite/18.1/quartus/bin64//eperlcmd.exe -I D:/intelFPGA_lite/18.1/quartus/bin64//perl/lib -I D:/intelfpga_lite/18.1/quartus/sopc_builder/bin/europa -I D:/intelfpga_lite/18.1/quartus/sopc_builder/bin/perl_lib -I D:/intelfpga_lite/18.1/quartus/sopc_builder/bin -I D:/intelfpga_lite/18.1/quartus/../ip/altera/nios2_ip/altera_nios2_gen2/cpu_lib -I D:/intelfpga_lite/18.1/quartus/../ip/altera/nios2_ip/altera_nios2_gen2/nios_lib -I D:/intelfpga_lite/18.1/quartus/../ip/altera/nios2_ip/altera_nios2_gen2 -I D:/intelfpga_lite/18.1/quartus/../ip/altera/nios2_ip/altera_nios2_gen2 -- D:/intelfpga_lite/18.1/quartus/../ip/altera/nios2_ip/altera_nios2_gen2/generate_rtl.epl --name=final_nios_system_nios2_gen2_0_cpu --dir=C:/Users/zheny/AppData/Local/Temp/alt8507_1608597715950478956.dir/0016_cpu_gen/ --quartus_bindir=D:/intelFPGA_lite/18.1/quartus/bin64/ --verilog --config=C:/Users/zheny/AppData/Local/Temp/alt8507_1608597715950478956.dir/0016_cpu_gen//final_nios_system_nios2_gen2_0_cpu_processor_configuration.pl  --do_build_sim=0  ]
Info: cpu: # 2020.09.02 19:30:55 (*) Starting Nios II generation
Info: cpu: # 2020.09.02 19:30:55 (*)   Checking for plaintext license.
Info: cpu: # 2020.09.02 19:30:55 (*)   Couldn't query license setup in Quartus directory D:/intelFPGA_lite/18.1/quartus/bin64/
Info: cpu: # 2020.09.02 19:30:55 (*)   Defaulting to contents of LM_LICENSE_FILE environment variable
Info: cpu: # 2020.09.02 19:30:55 (*)   LM_LICENSE_FILE environment variable is empty
Info: cpu: # 2020.09.02 19:30:55 (*)   Plaintext license not found.
Info: cpu: # 2020.09.02 19:30:55 (*)   No license required to generate encrypted Nios II/e.
Info: cpu: # 2020.09.02 19:30:55 (*)   Elaborating CPU configuration settings
Info: cpu: # 2020.09.02 19:30:55 (*)   Creating all objects for CPU
Info: cpu: # 2020.09.02 19:30:56 (*)   Generating RTL from CPU objects
Info: cpu: # 2020.09.02 19:30:56 (*)   Creating plain-text RTL
Info: cpu: # 2020.09.02 19:30:57 (*) Done Nios II generation
Info: cpu: Done RTL generation for module 'final_nios_system_nios2_gen2_0_cpu'
Info: cpu: "nios2_gen2_0" instantiated altera_nios2_gen2_unit "cpu"
Info: nios2_gen2_0_data_master_translator: "mm_interconnect_0" instantiated altera_merlin_master_translator "nios2_gen2_0_data_master_translator"
Info: Kirby_Game_Core_0_Kirby_Slave_translator: "mm_interconnect_0" instantiated altera_merlin_slave_translator "Kirby_Game_Core_0_Kirby_Slave_translator"
Info: nios2_gen2_0_data_master_agent: "mm_interconnect_0" instantiated altera_merlin_master_agent "nios2_gen2_0_data_master_agent"
Info: Kirby_Game_Core_0_Kirby_Slave_agent: "mm_interconnect_0" instantiated altera_merlin_slave_agent "Kirby_Game_Core_0_Kirby_Slave_agent"
Info: Kirby_Game_Core_0_Kirby_Slave_agent_rsp_fifo: "mm_interconnect_0" instantiated altera_avalon_sc_fifo "Kirby_Game_Core_0_Kirby_Slave_agent_rsp_fifo"
Info: router: "mm_interconnect_0" instantiated altera_merlin_router "router"
Info: router_001: "mm_interconnect_0" instantiated altera_merlin_router "router_001"
Info: router_002: "mm_interconnect_0" instantiated altera_merlin_router "router_002"
Info: router_004: "mm_interconnect_0" instantiated altera_merlin_router "router_004"
Info: cmd_demux: "mm_interconnect_0" instantiated altera_merlin_demultiplexer "cmd_demux"
Info: cmd_demux_001: "mm_interconnect_0" instantiated altera_merlin_demultiplexer "cmd_demux_001"
Info: cmd_mux: "mm_interconnect_0" instantiated altera_merlin_multiplexer "cmd_mux"
Info: cmd_mux_002: "mm_interconnect_0" instantiated altera_merlin_multiplexer "cmd_mux_002"
Info: Reusing file D:/ECE385/FinalProject/ECE385_Final_Project_Kriby/Final/final_nios_system/synthesis/submodules/altera_merlin_arbitrator.sv
Info: rsp_demux: "mm_interconnect_0" instantiated altera_merlin_demultiplexer "rsp_demux"
Info: rsp_demux_002: "mm_interconnect_0" instantiated altera_merlin_demultiplexer "rsp_demux_002"
Info: rsp_mux: "mm_interconnect_0" instantiated altera_merlin_multiplexer "rsp_mux"
Info: Reusing file D:/ECE385/FinalProject/ECE385_Final_Project_Kriby/Final/final_nios_system/synthesis/submodules/altera_merlin_arbitrator.sv
Info: rsp_mux_001: "mm_interconnect_0" instantiated altera_merlin_multiplexer "rsp_mux_001"
Info: Reusing file D:/ECE385/FinalProject/ECE385_Final_Project_Kriby/Final/final_nios_system/synthesis/submodules/altera_merlin_arbitrator.sv
Info: crosser: "mm_interconnect_0" instantiated altera_avalon_st_handshake_clock_crosser "crosser"
Info: avalon_st_adapter: "mm_interconnect_0" instantiated altera_avalon_st_adapter "avalon_st_adapter"
Info: error_adapter_0: "avalon_st_adapter" instantiated error_adapter "error_adapter_0"
Info: final_nios_system: Done "final_nios_system" with 37 modules, 54 files
Info: qsys-generate succeeded.
Info: Finished: Create HDL design files for synthesis
